[2026-04-06 16:07:48] EMAIL TO: nitheshthangavel07@gmail.com (NGO)
SUBJECT: Security Code for dosa Donation
BODY: Your 6-digit collection code is: 871003
Please provide this code to the donor during physical collection for verification.
--------------------------------------------------
[2026-04-10 13:55:51] EMAIL TO: nitheshthangavel07@gmail.com (NGO)
SUBJECT: Security Code for Biriyani Donation
BODY: Your 6-digit collection code is: 113327
Please provide this code to the donor during physical collection for verification.
--------------------------------------------------
[2026-04-10 13:58:32] EMAIL TO: farm@gmail.com (Farm/Recycling)
SUBJECT: Security Code for Idli Donation
BODY: Your 6-digit collection code is: 961407
Please provide this code to the donor during physical collection for verification.
--------------------------------------------------
[2026-04-15 04:55:55] EMAIL TO: farm@gmail.com (Farm/Recycling)
SUBJECT: Security Code for idli Donation
BODY: Your 6-digit collection code is: N/A
Please provide this code to the donor during physical collection for verification.
--------------------------------------------------
[2026-04-20 06:19:51] EMAIL TO: farm@gmail.com (Farm/Recycling)
SUBJECT: Security Code for biriyani Donation
BODY: Your 6-digit collection code is: 424430
Please provide this code to the donor during physical collection for verification.
--------------------------------------------------
